Watching for file changes with StatReloader
Watching for file changes with StatReloader
C:\Users\Admin\OneDrive\Desktop\DRF\employe\employe\settings.py changed, reloading.
C:\Users\Admin\OneDrive\Desktop\DRF\employe\employe\settings.py changed, reloading.
Watching for file changes with StatReloader
C:\Users\Admin\OneDrive\Desktop\DRF\employe\employe\settings.py changed, reloading.
C:\Users\Admin\OneDrive\Desktop\DRF\employe\employe\settings.py changed, reloading.
Watching for file changes with StatReloader
C:\Users\Admin\OneDrive\Desktop\DRF\employe\employe\settings.py changed, reloading.
C:\Users\Admin\OneDrive\Desktop\DRF\employe\employe\settings.py changed, reloading.
Watching for file changes with StatReloader
C:\Users\Admin\OneDrive\Desktop\DRF\employe\employe\settings.py changed, reloading.
C:\Users\Admin\OneDrive\Desktop\DRF\employe\employe\settings.py changed, reloading.
Watching for file changes with StatReloader
Watching for file changes with StatReloader
C:\Users\Admin\OneDrive\Desktop\DRF\employe\employe\settings.py changed, reloading.
C:\Users\Admin\OneDrive\Desktop\DRF\employe\employe\settings.py changed, reloading.
Watching for file changes with StatReloader
Not Found: /
Not Found: /favicon.ico
Watching for file changes with StatReloader
Employee list accessed
Employee list accessed
Employee list accessed
New employee created
Employee list accessed
Employee list accessed
Internal Server Error: /update/22
Traceback (most recent call last):
  File "C:\Users\Admin\AppData\Local\Programs\Python\Python312\Lib\site-packages\django\core\handlers\exception.py", line 55, in inner
    response = get_response(request)
               ^^^^^^^^^^^^^^^^^^^^^
  File "C:\Users\Admin\AppData\Local\Programs\Python\Python312\Lib\site-packages\django\utils\deprecation.py", line 131, in __call__
    response = self.process_response(request, response)
               ^^^^^^^^^^^^^^^^^^^^^^^^^^^^^^^^^^^^^^^^
  File "C:\Users\Admin\AppData\Local\Programs\Python\Python312\Lib\site-packages\django\middleware\common.py", line 108, in process_response
    return self.response_redirect_class(self.get_full_path_with_slash(request))
                                        ^^^^^^^^^^^^^^^^^^^^^^^^^^^^^^^^^^^^^^
  File "C:\Users\Admin\AppData\Local\Programs\Python\Python312\Lib\site-packages\django\middleware\common.py", line 87, in get_full_path_with_slash
    raise RuntimeError(
RuntimeError: You called this URL via POST, but the URL doesn't end in a slash and you have APPEND_SLASH set. Django can't redirect to the slash URL while maintaining POST data. Change your form to point to 127.0.0.1:8000/update/22/ (note the trailing slash), or set APPEND_SLASH=False in your Django settings.
Internal Server Error: /update/22
Traceback (most recent call last):
  File "C:\Users\Admin\AppData\Local\Programs\Python\Python312\Lib\site-packages\django\core\handlers\exception.py", line 55, in inner
    response = get_response(request)
               ^^^^^^^^^^^^^^^^^^^^^
  File "C:\Users\Admin\AppData\Local\Programs\Python\Python312\Lib\site-packages\django\utils\deprecation.py", line 131, in __call__
    response = self.process_response(request, response)
               ^^^^^^^^^^^^^^^^^^^^^^^^^^^^^^^^^^^^^^^^
  File "C:\Users\Admin\AppData\Local\Programs\Python\Python312\Lib\site-packages\django\middleware\common.py", line 108, in process_response
    return self.response_redirect_class(self.get_full_path_with_slash(request))
                                        ^^^^^^^^^^^^^^^^^^^^^^^^^^^^^^^^^^^^^^
  File "C:\Users\Admin\AppData\Local\Programs\Python\Python312\Lib\site-packages\django\middleware\common.py", line 87, in get_full_path_with_slash
    raise RuntimeError(
RuntimeError: You called this URL via PUT, but the URL doesn't end in a slash and you have APPEND_SLASH set. Django can't redirect to the slash URL while maintaining PUT data. Change your form to point to 127.0.0.1:8000/update/22/ (note the trailing slash), or set APPEND_SLASH=False in your Django settings.
Internal Server Error: /update/22
Traceback (most recent call last):
  File "C:\Users\Admin\AppData\Local\Programs\Python\Python312\Lib\site-packages\django\core\handlers\exception.py", line 55, in inner
    response = get_response(request)
               ^^^^^^^^^^^^^^^^^^^^^
  File "C:\Users\Admin\AppData\Local\Programs\Python\Python312\Lib\site-packages\django\utils\deprecation.py", line 131, in __call__
    response = self.process_response(request, response)
               ^^^^^^^^^^^^^^^^^^^^^^^^^^^^^^^^^^^^^^^^
  File "C:\Users\Admin\AppData\Local\Programs\Python\Python312\Lib\site-packages\django\middleware\common.py", line 108, in process_response
    return self.response_redirect_class(self.get_full_path_with_slash(request))
                                        ^^^^^^^^^^^^^^^^^^^^^^^^^^^^^^^^^^^^^^
  File "C:\Users\Admin\AppData\Local\Programs\Python\Python312\Lib\site-packages\django\middleware\common.py", line 87, in get_full_path_with_slash
    raise RuntimeError(
RuntimeError: You called this URL via POST, but the URL doesn't end in a slash and you have APPEND_SLASH set. Django can't redirect to the slash URL while maintaining POST data. Change your form to point to 127.0.0.1:8000/update/22/ (note the trailing slash), or set APPEND_SLASH=False in your Django settings.
Method Not Allowed: /update/22/
Internal Server Error: /update/22
Traceback (most recent call last):
  File "C:\Users\Admin\AppData\Local\Programs\Python\Python312\Lib\site-packages\django\core\handlers\exception.py", line 55, in inner
    response = get_response(request)
               ^^^^^^^^^^^^^^^^^^^^^
  File "C:\Users\Admin\AppData\Local\Programs\Python\Python312\Lib\site-packages\django\utils\deprecation.py", line 131, in __call__
    response = self.process_response(request, response)
               ^^^^^^^^^^^^^^^^^^^^^^^^^^^^^^^^^^^^^^^^
  File "C:\Users\Admin\AppData\Local\Programs\Python\Python312\Lib\site-packages\django\middleware\common.py", line 108, in process_response
    return self.response_redirect_class(self.get_full_path_with_slash(request))
                                        ^^^^^^^^^^^^^^^^^^^^^^^^^^^^^^^^^^^^^^
  File "C:\Users\Admin\AppData\Local\Programs\Python\Python312\Lib\site-packages\django\middleware\common.py", line 87, in get_full_path_with_slash
    raise RuntimeError(
RuntimeError: You called this URL via PUT, but the URL doesn't end in a slash and you have APPEND_SLASH set. Django can't redirect to the slash URL while maintaining PUT data. Change your form to point to 127.0.0.1:8000/update/22/ (note the trailing slash), or set APPEND_SLASH=False in your Django settings.
Employee updated successfully
Employee deleted successfully
Watching for file changes with StatReloader
Employee list accessed
Employee list accessed
Employee list accessed
Employee list accessed
Employee list accessed
Too Many Requests: /list/
Employee list accessed
Employee 21 deleted successfully
Employee 23 deleted successfully
Employee 24 deleted successfully
Employee list accessed
Failed employee creation: {'employe_name': [ErrorDetail(string='This field is required.', code='required')], 'employe_add': [ErrorDetail(string='This field is required.', code='required')], 'employe_number': [ErrorDetail(string='This field is required.', code='required')]}
Bad Request: /create/
Too Many Requests: /create/
Failed employee creation: {'employe_name': [ErrorDetail(string='This field is required.', code='required')], 'employe_add': [ErrorDetail(string='This field is required.', code='required')], 'employe_number': [ErrorDetail(string='This field is required.', code='required')]}
Bad Request: /create/
Employee list accessed
Failed employee creation: {'employe_name': [ErrorDetail(string='This field is required.', code='required')], 'employe_add': [ErrorDetail(string='This field is required.', code='required')], 'employe_number': [ErrorDetail(string='This field is required.', code='required')]}
Bad Request: /create/
Failed employee creation: {'employe_name': [ErrorDetail(string='This field is required.', code='required')], 'employe_add': [ErrorDetail(string='This field is required.', code='required')], 'employe_number': [ErrorDetail(string='This field is required.', code='required')]}
Bad Request: /create/
Failed employee creation: {'employe_name': [ErrorDetail(string='This field is required.', code='required')], 'employe_add': [ErrorDetail(string='This field is required.', code='required')], 'employe_number': [ErrorDetail(string='This field is required.', code='required')]}
Bad Request: /create/
Failed employee creation: {'employe_name': [ErrorDetail(string='This field is required.', code='required')], 'employe_add': [ErrorDetail(string='This field is required.', code='required')], 'employe_number': [ErrorDetail(string='This field is required.', code='required')]}
Bad Request: /create/
Failed employee creation: {'employe_name': [ErrorDetail(string='This field is required.', code='required')], 'employe_add': [ErrorDetail(string='This field is required.', code='required')], 'employe_number': [ErrorDetail(string='This field is required.', code='required')]}
Bad Request: /create/
C:\Users\Admin\OneDrive\Desktop\DRF\employe\employe\settings.py changed, reloading.
Watching for file changes with StatReloader
Failed employee creation: {'employe_name': [ErrorDetail(string='This field is required.', code='required')], 'employe_add': [ErrorDetail(string='This field is required.', code='required')], 'employe_number': [ErrorDetail(string='This field is required.', code='required')]}
Bad Request: /create/
Failed employee creation: {'employe_name': [ErrorDetail(string='This field is required.', code='required')], 'employe_add': [ErrorDetail(string='This field is required.', code='required')], 'employe_number': [ErrorDetail(string='This field is required.', code='required')]}
Bad Request: /create/
Employee list accessed
Failed employee creation: {'employe_name': [ErrorDetail(string='This field is required.', code='required')], 'employe_add': [ErrorDetail(string='This field is required.', code='required')], 'employe_number': [ErrorDetail(string='This field is required.', code='required')]}
Bad Request: /create/
Failed employee creation: {'employe_name': [ErrorDetail(string='This field is required.', code='required')], 'employe_add': [ErrorDetail(string='This field is required.', code='required')], 'employe_number': [ErrorDetail(string='This field is required.', code='required')]}
Bad Request: /create/
Employee list accessed
Employee list accessed
Too Many Requests: /list/
Watching for file changes with StatReloader
Employee list accessed
New employee created
Employee list accessed
New employee created
Employee list accessed
Employee updated successfully
C:\Users\Admin\OneDrive\Desktop\DRF\employe\appname\views.py changed, reloading.
Watching for file changes with StatReloader
C:\Users\Admin\OneDrive\Desktop\DRF\employe\employe\settings.py changed, reloading.
Watching for file changes with StatReloader
Employee list accessed
Employee list accessed
Too Many Requests: /list/
Too Many Requests: /list/
C:\Users\Admin\OneDrive\Desktop\DRF\employe\appname\views.py changed, reloading.
Watching for file changes with StatReloader
Employee list accessed
Employee list accessed
Employee list accessed
Too Many Requests: /list/
Employee list accessed
Employee list accessed
Too Many Requests: /list/
Too Many Requests: /list/
C:\Users\Admin\OneDrive\Desktop\DRF\employe\employe\settings.py changed, reloading.
Watching for file changes with StatReloader
C:\Users\Admin\OneDrive\Desktop\DRF\employe\employe\settings.py changed, reloading.
Watching for file changes with StatReloader
C:\Users\Admin\OneDrive\Desktop\DRF\employe\employe\urls.py changed, reloading.
Watching for file changes with StatReloader
C:\Users\Admin\OneDrive\Desktop\DRF\employe\employe\urls.py changed, reloading.
Watching for file changes with StatReloader
C:\Users\Admin\OneDrive\Desktop\DRF\employe\appname\views.py changed, reloading.
Watching for file changes with StatReloader
C:\Users\Admin\OneDrive\Desktop\DRF\employe\appname\views.py changed, reloading.
Watching for file changes with StatReloader
C:\Users\Admin\OneDrive\Desktop\DRF\employe\appname\views.py changed, reloading.
Watching for file changes with StatReloader
Watching for file changes with StatReloader
Not Found: /
Not Found: /favicon.ico
Failed employee creation: {'employe_name': [ErrorDetail(string='This field is required.', code='required')], 'employe_add': [ErrorDetail(string='This field is required.', code='required')], 'employe_number': [ErrorDetail(string='This field is required.', code='required')]}
Bad Request: /create/
Failed employee creation: {'employe_name': [ErrorDetail(string='This field is required.', code='required')], 'employe_add': [ErrorDetail(string='This field is required.', code='required')], 'employe_number': [ErrorDetail(string='This field is required.', code='required')]}
Bad Request: /create/
Too Many Requests: /list/
Too Many Requests: /list/
Failed employee creation: {'employe_name': [ErrorDetail(string='This field is required.', code='required')], 'employe_add': [ErrorDetail(string='This field is required.', code='required')], 'employe_number': [ErrorDetail(string='This field is required.', code='required')]}
Bad Request: /create/
Employee list accessed
Failed employee creation: {'employe_name': [ErrorDetail(string='This field is required.', code='required')], 'employe_add': [ErrorDetail(string='This field is required.', code='required')], 'employe_number': [ErrorDetail(string='This field is required.', code='required')]}
Bad Request: /create/
Watching for file changes with StatReloader
Not Found: /
Not Found: /favicon.ico
Employee list accessed
Method Not Allowed: /create/
Employee list accessed
Too Many Requests: /create/
New employee created
C:\Users\Admin\OneDrive\Desktop\DRF\employe\appname\views.py changed, reloading.
Watching for file changes with StatReloader
Method Not Allowed: /create/
Employee list accessed
Too Many Requests: /create/
Too Many Requests: /create/
Too Many Requests: /create/
Watching for file changes with StatReloader
Not Found: /
Method Not Allowed: /create/
Method Not Allowed: /create/
Method Not Allowed: /create/
Employee list accessed
Too Many Requests: /create/
Too Many Requests: /create/
New employee created
C:\Users\Admin\OneDrive\Desktop\DRF\employe\appname\views.py changed, reloading.
Watching for file changes with StatReloader
C:\Users\Admin\OneDrive\Desktop\DRF\employe\appname\views.py changed, reloading.
Watching for file changes with StatReloader
C:\Users\Admin\OneDrive\Desktop\DRF\employe\appname\views.py changed, reloading.
Watching for file changes with StatReloader
Employee list accessed
C:\Users\Admin\OneDrive\Desktop\DRF\employe\appname\admin.py changed, reloading.
Watching for file changes with StatReloader
C:\Users\Admin\OneDrive\Desktop\DRF\employe\employe\settings.py changed, reloading.
Watching for file changes with StatReloader
Method Not Allowed: /update/28/
Employee updated successfully
Employee list accessed
Watching for file changes with StatReloader
Not Found: /
Response to request with pk bd4d449d-4cc5-49f5-af46-c51509e7eb0b has content type text/javascript but was unable to parse it
Response to request with pk 1e6e710e-9387-445c-a0b0-5af78d1e28e3 has content type text/javascript but was unable to parse it
Response to request with pk d93bb7de-52f9-40da-a5d7-684dd8f1652c has content type text/javascript but was unable to parse it
Watching for file changes with StatReloader
Not Found: /
Not Found: /favicon.ico
Response to request with pk c38f54bc-834b-430b-8b52-88ebcf030dd3 has content type text/javascript but was unable to parse it
Response to request with pk a13b8015-83f4-477e-9585-e8ffa80e44a7 has content type text/javascript but was unable to parse it
Response to request with pk 750aaf9a-eee4-4f6a-8988-b1bf867133b4 has content type text/javascript but was unable to parse it
Response to request with pk 1529a7c5-1d81-4a4d-adea-63078cd75c0f has content type text/javascript but was unable to parse it
Response to request with pk 90f8c668-9d74-4f93-9595-33faa2a8c79d has content type text/javascript but was unable to parse it
Response to request with pk 6e85c351-c696-42c6-844d-b77a2129dfa3 has content type text/javascript but was unable to parse it
Response to request with pk 4d537562-059f-426c-afdc-174e8a7d9eef has content type text/javascript but was unable to parse it
Response to request with pk 2b31a502-9c47-4f89-a451-c1a2aaf4b230 has content type text/javascript but was unable to parse it
C:\Users\Admin\OneDrive\Desktop\DRF\employe\appname\admin.py changed, reloading.
Watching for file changes with StatReloader
C:\Users\Admin\OneDrive\Desktop\DRF\employe\appname\views.py changed, reloading.
Watching for file changes with StatReloader
Not Found: /
C:\Users\Admin\OneDrive\Desktop\DRF\employe\appname\views.py changed, reloading.
Watching for file changes with StatReloader
C:\Users\Admin\OneDrive\Desktop\DRF\employe\appname\views.py changed, reloading.
Watching for file changes with StatReloader
C:\Users\Admin\OneDrive\Desktop\DRF\employe\appname\views.py changed, reloading.
Watching for file changes with StatReloader
Not Found: /
C:\Users\Admin\OneDrive\Desktop\DRF\employe\appname\views.py changed, reloading.
Watching for file changes with StatReloader
Not Found: /
C:\Users\Admin\OneDrive\Desktop\DRF\employe\appname\views.py changed, reloading.
Watching for file changes with StatReloader
C:\Users\Admin\OneDrive\Desktop\DRF\employe\appname\urls.py changed, reloading.
Watching for file changes with StatReloader
C:\Users\Admin\OneDrive\Desktop\DRF\employe\employe\urls.py changed, reloading.
Watching for file changes with StatReloader
